Using pre-set license
Built from '2022.3/staging' branch; Version is '2022.3.21f1 (bf09ca542b87) revision 12519882'; Using compiler version '192829333'; Build Type 'Release'
OS: 'Windows 11  (10.0.22631) 64bit Professional' Language: 'en' Physical Memory: 16122 MB
BatchMode: 1, IsHumanControllingUs: 0, StartBugReporterOnCrash: 0, Is64bit: 1, IsPro: 1

COMMAND LINE ARGUMENTS:
C:\Program Files\Unity\Hub\Editor\2022.3.21f1\Editor\Unity.exe
-adb2
-batchMode
-noUpm
-name
AssetImportWorker1
-projectPath
D:/fork/repositories/towerDefense/TowerDefense
-logFile
Logs/AssetImportWorker1.log
-srvPort
58503
Successfully changed project path to: D:/fork/repositories/towerDefense/TowerDefense
D:/fork/repositories/towerDefense/TowerDefense
[UnityMemory] Configuration Parameters - Can be set up in boot.config
    "memorysetup-bucket-allocator-granularity=16"
    "memorysetup-bucket-allocator-bucket-count=8"
    "memorysetup-bucket-allocator-block-size=33554432"
    "memorysetup-bucket-allocator-block-count=8"
    "memorysetup-main-allocator-block-size=16777216"
    "memorysetup-thread-allocator-block-size=16777216"
    "memorysetup-gfx-main-allocator-block-size=16777216"
    "memorysetup-gfx-thread-allocator-block-size=16777216"
    "memorysetup-cache-allocator-block-size=4194304"
    "memorysetup-typetree-allocator-block-size=2097152"
    "memorysetup-profiler-bucket-allocator-granularity=16"
    "memorysetup-profiler-bucket-allocator-bucket-count=8"
    "memorysetup-profiler-bucket-allocator-block-size=33554432"
    "memorysetup-profiler-bucket-allocator-block-count=8"
    "memorysetup-profiler-allocator-block-size=16777216"
    "memorysetup-profiler-editor-allocator-block-size=1048576"
    "memorysetup-temp-allocator-size-main=16777216"
    "memorysetup-job-temp-allocator-block-size=2097152"
    "memorysetup-job-temp-allocator-block-size-background=1048576"
    "memorysetup-job-temp-allocator-reduction-small-platforms=262144"
    "memorysetup-allocator-temp-initial-block-size-main=262144"
    "memorysetup-allocator-temp-initial-block-size-worker=262144"
    "memorysetup-temp-allocator-size-background-worker=32768"
    "memorysetup-temp-allocator-size-job-worker=262144"
    "memorysetup-temp-allocator-size-preload-manager=33554432"
    "memorysetup-temp-allocator-size-nav-mesh-worker=65536"
    "memorysetup-temp-allocator-size-audio-worker=65536"
    "memorysetup-temp-allocator-size-cloud-worker=32768"
    "memorysetup-temp-allocator-size-gi-baking-worker=262144"
    "memorysetup-temp-allocator-size-gfx=262144"
Player connection [25700] Host "[IP] 172.16.0.2 [Port] 0 [Flags] 2 [Guid] 656862450 [EditorId] 656862450 [Version] 1048832 [Id] WindowsEditor(7,CBPNK) [Debug] 1 [PackageName] WindowsEditor [ProjectName] Editor" joined multi-casting on [225.0.0.222:54997]...

Player connection [25700] Host "[IP] 172.16.0.2 [Port] 0 [Flags] 2 [Guid] 656862450 [EditorId] 656862450 [Version] 1048832 [Id] WindowsEditor(7,CBPNK) [Debug] 1 [PackageName] WindowsEditor [ProjectName] Editor" joined alternative multi-casting on [225.0.0.222:34997]...

[Physics::Module] Initialized MultithreadedJobDispatcher with 7 workers.
Refreshing native plugins compatible for Editor in 17.68 ms, found 4 plugins.
Preloading 0 native plugins for Editor in 0.00 ms.
Initialize engine version: 2022.3.21f1 (bf09ca542b87)
[Subsystems] Discovering subsystems at path C:/Program Files/Unity/Hub/Editor/2022.3.21f1/Editor/Data/Resources/UnitySubsystems
[Subsystems] Discovering subsystems at path D:/fork/repositories/towerDefense/TowerDefense/Assets
GfxDevice: creating device client; threaded=0; jobified=0
Direct3D:
    Version:  Direct3D 11.0 [level 11.1]
    Renderer: NVIDIA GeForce MX450 (ID=0x1f97)
    Vendor:   NVIDIA
    VRAM:     1906 MB
    Driver:   32.0.15.5612
Initialize mono
Mono path[0] = 'C:/Program Files/Unity/Hub/Editor/2022.3.21f1/Editor/Data/Managed'
Mono path[1] = 'C:/Program Files/Unity/Hub/Editor/2022.3.21f1/Editor/Data/MonoBleedingEdge/lib/mono/unityjit-win32'
Mono config path = 'C:/Program Files/Unity/Hub/Editor/2022.3.21f1/Editor/Data/MonoBleedingEdge/etc'
Using monoOptions --debugger-agent=transport=dt_socket,embedding=1,server=y,suspend=n,address=127.0.0.1:56512
Begin MonoManager ReloadAssembly
Registering precompiled unity dll's ...
Register platform support module: C:/Program Files/Unity/Hub/Editor/2022.3.21f1/Editor/Data/PlaybackEngines/WebGLSupport/UnityEditor.WebGL.Extensions.dll
Register platform support module: C:/Program Files/Unity/Hub/Editor/2022.3.21f1/Editor/Data/PlaybackEngines/AndroidPlayer/UnityEditor.Android.Extensions.dll
Register platform support module: C:/Program Files/Unity/Hub/Editor/2022.3.21f1/Editor/Data/PlaybackEngines/iOSSupport/UnityEditor.iOS.Extensions.dll
Register platform support module: C:/Program Files/Unity/Hub/Editor/2022.3.21f1/Editor/Data/PlaybackEngines/WindowsStandaloneSupport/UnityEditor.WindowsStandalone.Extensions.dll
Registered in 0.020639 seconds.
- Loaded All Assemblies, in  0.626 seconds
Native extension for WindowsStandalone target not found
[usbmuxd] Start listen thread
[usbmuxd] Listen thread started
Native extension for iOS target not found
Native extension for Android target not found
Android Extension - Scanning For ADB Devices 349 ms
Native extension for WebGL target not found
Mono: successfully reloaded assembly
- Finished resetting the current domain, in  0.834 seconds
Domain Reload Profiling: 1458ms
	BeginReloadAssembly (243ms)
		ExecutionOrderSort (0ms)
		DisableScriptedObjects (0ms)
		BackupInstance (0ms)
		ReleaseScriptingObjects (0ms)
		CreateAndSetChildDomain (1ms)
	RebuildCommonClasses (59ms)
	RebuildNativeTypeToScriptingClass (15ms)
	initialDomainReloadingComplete (92ms)
	LoadAllAssembliesAndSetupDomain (215ms)
		LoadAssemblies (241ms)
		RebuildTransferFunctionScriptingTraits (0ms)
		AnalyzeDomain (211ms)
			TypeCache.Refresh (209ms)
				TypeCache.ScanAssembly (186ms)
			ScanForSourceGeneratedMonoScriptInfo (0ms)
			ResolveRequiredComponents (1ms)
	FinalizeReload (835ms)
		ReleaseScriptCaches (0ms)
		RebuildScriptCaches (0ms)
		SetupLoadedEditorAssemblies (744ms)
			LogAssemblyErrors (0ms)
			InitializePlatformSupportModulesInManaged (515ms)
			SetLoadedEditorAssemblies (5ms)
			RefreshPlugins (0ms)
			BeforeProcessingInitializeOnLoad (3ms)
			ProcessInitializeOnLoadAttributes (156ms)
			ProcessInitializeOnLoadMethodAttributes (66ms)
			AfterProcessingInitializeOnLoad (0ms)
			EditorAssembliesLoaded (0ms)
		ExecutionOrderSort2 (0ms)
		AwakeInstancesAfterBackupRestoration (0ms)
========================================================================
Worker process is ready to serve import requests
Begin MonoManager ReloadAssembly
- Loaded All Assemblies, in  1.026 seconds
Refreshing native plugins compatible for Editor in 10.33 ms, found 4 plugins.
Native extension for WindowsStandalone target not found
Native extension for iOS target not found
Native extension for Android target not found
Native extension for WebGL target not found
Mono: successfully reloaded assembly
Package Manager log level set to [2]
[Package Manager] Server::EnsureServerProcessIsRunning -- launch failed, reason: Unity was launched with the -noUpm command-line argument
[Package Manager] UpmClient::Send -- Unable to send message (not connected to UPM process).
[Package Manager] Cannot connect to Unity Package Manager local server
[Package Manager] Server::EnsureServerProcessIsRunning -- launch failed, reason: Unity was launched with the -noUpm command-line argument
[Package Manager] UpmClient::Send -- Unable to send message (not connected to UPM process).
[Package Manager] Cannot connect to Unity Package Manager local server
- Finished resetting the current domain, in  1.002 seconds
Domain Reload Profiling: 2026ms
	BeginReloadAssembly (213ms)
		ExecutionOrderSort (0ms)
		DisableScriptedObjects (7ms)
		BackupInstance (0ms)
		ReleaseScriptingObjects (0ms)
		CreateAndSetChildDomain (31ms)
	RebuildCommonClasses (65ms)
	RebuildNativeTypeToScriptingClass (20ms)
	initialDomainReloadingComplete (62ms)
	LoadAllAssembliesAndSetupDomain (662ms)
		LoadAssemblies (508ms)
		RebuildTransferFunctionScriptingTraits (0ms)
		AnalyzeDomain (282ms)
			TypeCache.Refresh (232ms)
				TypeCache.ScanAssembly (204ms)
			ScanForSourceGeneratedMonoScriptInfo (41ms)
			ResolveRequiredComponents (7ms)
	FinalizeReload (1003ms)
		ReleaseScriptCaches (0ms)
		RebuildScriptCaches (0ms)
		SetupLoadedEditorAssemblies (733ms)
			LogAssemblyErrors (0ms)
			InitializePlatformSupportModulesInManaged (47ms)
			SetLoadedEditorAssemblies (7ms)
			RefreshPlugins (0ms)
			BeforeProcessingInitializeOnLoad (115ms)
			ProcessInitializeOnLoadAttributes (487ms)
			ProcessInitializeOnLoadMethodAttributes (67ms)
			AfterProcessingInitializeOnLoad (9ms)
			EditorAssembliesLoaded (0ms)
		ExecutionOrderSort2 (0ms)
		AwakeInstancesAfterBackupRestoration (9ms)
Launched and connected shader compiler UnityShaderCompiler.exe after 0.06 seconds
Refreshing native plugins compatible for Editor in 10.78 ms, found 4 plugins.
Preloading 0 native plugins for Editor in 0.00 ms.
Unloading 4329 Unused Serialized files (Serialized files now loaded: 0)
Unloading 77 unused Assets / (67.3 KB). Loaded Objects now: 4781.
Memory consumption went from 154.9 MB to 154.8 MB.
Total: 4.627900 ms (FindLiveObjects: 0.435300 ms CreateObjectMapping: 0.267300 ms MarkObjects: 3.698000 ms  DeleteObjects: 0.225300 ms)

AssetImportParameters requested are different than current active one (requested -> active):
  custom:container-demuxer-ogg: 62fdf1f143b41e24485cea50d1cbac27 -> 
  custom:video-codec-MediaFoundation-h265: 746d11721c4dcdbdad8f713fa42b33f4 -> 
  custom:video-decoder-ogg-theora: a1e56fd34408186e4bbccfd4996cb3dc -> 
  custom:framework-win-MediaFoundation: 216162199b28c13a410421893ffa2e32 -> 
  custom:CustomObjectIndexerAttribute: 9a22284fe3817be447336de3de66b15e -> 
  custom:container-demuxer-webm: 4f35f7cbe854078d1ac9338744f61a02 -> 
  custom:container-muxer-webm: aa71ff27fc2769a1b78a27578f13a17b -> 
  custom:video-decoder-webm-vp8: 9c59270c3fd7afecdb556c50c9e8de78 -> 
  custom:SearchIndexIgnoredProperties: e643bd26f0fe6173181afceb89e7c659 -> 
  custom:AudioImporter_EditorPlatform: d09bf68614088b80899f8185d706f6e7 -> 
  custom:video-encoder-webm-vp8: eb34c28f22e8b96e1ab97ce403110664 -> 
  custom:audio-decoder-ogg-vorbis: bf7c407c2cedff20999df2af8eb42d56 -> 
  custom:audio-encoder-webm-vorbis: bf7c407c2cedff20999df2af8eb42d56 -> 
========================================================================
Received Import Request.
  Time since last request: 1756116.263258 seconds.
  path: Assets/_TowerDefense/2D/ef5c6e67042ea6511f55278c176e27eb.asset
  artifactKey: Guid(89a23deaf982cd74c9bd6c90158646b6) Importer(2089858483,0ecaa5967403d082aa24f35e1b516d23)
Start importing Assets/_TowerDefense/2D/ef5c6e67042ea6511f55278c176e27eb.asset using Guid(89a23deaf982cd74c9bd6c90158646b6) Importer(2089858483,0ecaa5967403d082aa24f35e1b516d23)  -> (artifact id: 'e6be1f537b69ff9ce0a089618291cc88') in 0.167494 seconds
Number of updated asset objects reloaded before import = 0
Number of asset objects unloaded after import = 2
========================================================================
Received Import Request.
  Time since last request: 0.000036 seconds.
  path: Assets/_TowerDefense/Enemy/NormalEnemy.prefab
  artifactKey: Guid(179cd77465d76b54ebb3bf27f34418c1) Importer(2089858483,0ecaa5967403d082aa24f35e1b516d23)
Start importing Assets/_TowerDefense/Enemy/NormalEnemy.prefab using Guid(179cd77465d76b54ebb3bf27f34418c1) Importer(2089858483,0ecaa5967403d082aa24f35e1b516d23)  -> (artifact id: 'f9f1f98418f1861a0c0b0022e59635dc') in 0.055398 seconds
Number of updated asset objects reloaded before import = 0
Number of asset objects unloaded after import = 8
========================================================================
Received Import Request.
  Time since last request: 0.000030 seconds.
  path: Assets/Editor/com.unity.mobile.notifications/NotificationSettings.asset
  artifactKey: Guid(4cee8bca36f2ab74b8feb832747fa6f4) Importer(2089858483,0ecaa5967403d082aa24f35e1b516d23)
Start importing Assets/Editor/com.unity.mobile.notifications/NotificationSettings.asset using Guid(4cee8bca36f2ab74b8feb832747fa6f4) Importer(2089858483,0ecaa5967403d082aa24f35e1b516d23)  -> (artifact id: 'bcc2c745b0655f57b9e3759c1c83d9d6') in 0.039837 seconds
Number of updated asset objects reloaded before import = 0
Number of asset objects unloaded after import = 1
========================================================================
Received Import Request.
  Time since last request: 0.000026 seconds.
  path: Assets/TutorialInfo/Scripts/Editor/ReadmeEditor.cs
  artifactKey: Guid(476cc7d7cd9874016adc216baab94a0a) Importer(2089858483,0ecaa5967403d082aa24f35e1b516d23)
Start importing Assets/TutorialInfo/Scripts/Editor/ReadmeEditor.cs using Guid(476cc7d7cd9874016adc216baab94a0a) Importer(2089858483,0ecaa5967403d082aa24f35e1b516d23)  -> (artifact id: '2b0de68407221f59e1ca2b646cf3066e') in 0.015619 seconds
Number of updated asset objects reloaded before import = 0
Number of asset objects unloaded after import = 1
========================================================================
Received Import Request.
  Time since last request: 0.000026 seconds.
  path: Assets/_TowerDefense/Defender/Defender.prefab
  artifactKey: Guid(003532300fa5717409ac3fa0515b3e85) Importer(2089858483,0ecaa5967403d082aa24f35e1b516d23)
Start importing Assets/_TowerDefense/Defender/Defender.prefab using Guid(003532300fa5717409ac3fa0515b3e85) Importer(2089858483,0ecaa5967403d082aa24f35e1b516d23)  -> (artifact id: '5d05730ec7003ba9b7d856bd9cff9ee8') in 0.022170 seconds
Number of updated asset objects reloaded before import = 0
Number of asset objects unloaded after import = 8
========================================================================
Received Import Request.
  Time since last request: 0.000021 seconds.
  path: Assets/Readme.asset
  artifactKey: Guid(7f2c382dc2c22446db59030979f6e495) Importer(2089858483,0ecaa5967403d082aa24f35e1b516d23)
Start importing Assets/Readme.asset using Guid(7f2c382dc2c22446db59030979f6e495) Importer(2089858483,0ecaa5967403d082aa24f35e1b516d23)  -> (artifact id: '6288611850474103f3ab987177a61b1c') in 0.027844 seconds
Number of updated asset objects reloaded before import = 0
Number of asset objects unloaded after import = 2
========================================================================
Received Import Request.
  Time since last request: 0.000027 seconds.
  path: Assets/TutorialInfo/Scripts/Readme.cs
  artifactKey: Guid(fcf7219bab7fe46a1ad266029b2fee19) Importer(2089858483,0ecaa5967403d082aa24f35e1b516d23)
Start importing Assets/TutorialInfo/Scripts/Readme.cs using Guid(fcf7219bab7fe46a1ad266029b2fee19) Importer(2089858483,0ecaa5967403d082aa24f35e1b516d23)  -> (artifact id: '69dd04e36eda2aa8d988dfc3e5e801df') in 0.021360 seconds
Number of updated asset objects reloaded before import = 0
Number of asset objects unloaded after import = 1
========================================================================
Received Prepare
Refreshing native plugins compatible for Editor in 8.22 ms, found 4 plugins.
Preloading 0 native plugins for Editor in 0.00 ms.
Unloading 0 Unused Serialized files (Serialized files now loaded: 0)
Unloading 1 unused Assets / (0.9 KB). Loaded Objects now: 4781.
Memory consumption went from 84.5 MB to 84.5 MB.
Total: 5.996200 ms (FindLiveObjects: 0.367200 ms CreateObjectMapping: 0.186200 ms MarkObjects: 5.394400 ms  DeleteObjects: 0.046000 ms)

Prepare: number of updated asset objects reloaded= 0
AssetImportParameters requested are different than current active one (requested -> active):
  colorSpace: 1 -> 0
  custom:container-demuxer-ogg: 62fdf1f143b41e24485cea50d1cbac27 -> 
  custom:video-codec-MediaFoundation-h265: 746d11721c4dcdbdad8f713fa42b33f4 -> 
  custom:video-decoder-ogg-theora: a1e56fd34408186e4bbccfd4996cb3dc -> 
  custom:framework-win-MediaFoundation: 216162199b28c13a410421893ffa2e32 -> 
  custom:CustomObjectIndexerAttribute: 9a22284fe3817be447336de3de66b15e -> 
  custom:container-demuxer-webm: 4f35f7cbe854078d1ac9338744f61a02 -> 
  custom:container-muxer-webm: aa71ff27fc2769a1b78a27578f13a17b -> 
  custom:video-decoder-webm-vp8: 9c59270c3fd7afecdb556c50c9e8de78 -> 
  custom:SearchIndexIgnoredProperties: e643bd26f0fe6173181afceb89e7c659 -> 
  custom:AudioImporter_EditorPlatform: d09bf68614088b80899f8185d706f6e7 -> 
  custom:video-encoder-webm-vp8: eb34c28f22e8b96e1ab97ce403110664 -> 
  custom:graphics/active-color-space: 03000000000000000000000000000000 -> 02000000000000000000000000000000
  custom:audio-decoder-ogg-vorbis: bf7c407c2cedff20999df2af8eb42d56 -> 
  custom:audio-encoder-webm-vorbis: bf7c407c2cedff20999df2af8eb42d56 -> 
========================================================================
Received Prepare
Begin MonoManager ReloadAssembly
- Loaded All Assemblies, in  1.023 seconds
Refreshing native plugins compatible for Editor in 11.42 ms, found 4 plugins.
Native extension for WindowsStandalone target not found
Native extension for iOS target not found
Native extension for Android target not found
Native extension for WebGL target not found
Mono: successfully reloaded assembly
[Package Manager] Server::EnsureServerProcessIsRunning -- launch failed, reason: Unity was launched with the -noUpm command-line argument
[Package Manager] UpmClient::Send -- Unable to send message (not connected to UPM process).
[Package Manager] Cannot connect to Unity Package Manager local server
- Finished resetting the current domain, in  3.747 seconds
Domain Reload Profiling: 4766ms
	BeginReloadAssembly (399ms)
		ExecutionOrderSort (0ms)
		DisableScriptedObjects (26ms)
		BackupInstance (0ms)
		ReleaseScriptingObjects (0ms)
		CreateAndSetChildDomain (77ms)
	RebuildCommonClasses (70ms)
	RebuildNativeTypeToScriptingClass (20ms)
	initialDomainReloadingComplete (55ms)
	LoadAllAssembliesAndSetupDomain (473ms)
		LoadAssemblies (665ms)
		RebuildTransferFunctionScriptingTraits (0ms)
		AnalyzeDomain (47ms)
			TypeCache.Refresh (15ms)
				TypeCache.ScanAssembly (0ms)
			ScanForSourceGeneratedMonoScriptInfo (19ms)
			ResolveRequiredComponents (10ms)
	FinalizeReload (3749ms)
		ReleaseScriptCaches (0ms)
		RebuildScriptCaches (0ms)
		SetupLoadedEditorAssemblies (2245ms)
			LogAssemblyErrors (0ms)
			InitializePlatformSupportModulesInManaged (84ms)
			SetLoadedEditorAssemblies (7ms)
			RefreshPlugins (0ms)
			BeforeProcessingInitializeOnLoad (607ms)
			ProcessInitializeOnLoadAttributes (1457ms)
			ProcessInitializeOnLoadMethodAttributes (76ms)
			AfterProcessingInitializeOnLoad (14ms)
			EditorAssembliesLoaded (0ms)
		ExecutionOrderSort2 (0ms)
		AwakeInstancesAfterBackupRestoration (26ms)
Refreshing native plugins compatible for Editor in 16.19 ms, found 4 plugins.
Preloading 0 native plugins for Editor in 0.00 ms.
Unloading 4318 Unused Serialized files (Serialized files now loaded: 0)
Unloading 49 unused Assets / (41.6 KB). Loaded Objects now: 4787.
Memory consumption went from 153.2 MB to 153.2 MB.
Total: 6.851100 ms (FindLiveObjects: 0.465400 ms CreateObjectMapping: 0.237900 ms MarkObjects: 5.996600 ms  DeleteObjects: 0.148500 ms)

Prepare: number of updated asset objects reloaded= 0
AssetImportParameters requested are different than current active one (requested -> active):
  colorSpace: 1 -> 0
  custom:container-demuxer-ogg: 62fdf1f143b41e24485cea50d1cbac27 -> 
  custom:video-codec-MediaFoundation-h265: 746d11721c4dcdbdad8f713fa42b33f4 -> 
  custom:video-decoder-ogg-theora: a1e56fd34408186e4bbccfd4996cb3dc -> 
  custom:framework-win-MediaFoundation: 216162199b28c13a410421893ffa2e32 -> 
  custom:CustomObjectIndexerAttribute: 9a22284fe3817be447336de3de66b15e -> 
  custom:container-demuxer-webm: 4f35f7cbe854078d1ac9338744f61a02 -> 
  custom:container-muxer-webm: aa71ff27fc2769a1b78a27578f13a17b -> 
  custom:video-decoder-webm-vp8: 9c59270c3fd7afecdb556c50c9e8de78 -> 
  custom:SearchIndexIgnoredProperties: e643bd26f0fe6173181afceb89e7c659 -> 
  custom:AudioImporter_EditorPlatform: d09bf68614088b80899f8185d706f6e7 -> 
  custom:video-encoder-webm-vp8: eb34c28f22e8b96e1ab97ce403110664 -> 
  custom:graphics/active-color-space: 03000000000000000000000000000000 -> 02000000000000000000000000000000
  custom:audio-decoder-ogg-vorbis: bf7c407c2cedff20999df2af8eb42d56 -> 
  custom:audio-encoder-webm-vorbis: bf7c407c2cedff20999df2af8eb42d56 -> 
========================================================================
Received Prepare
Begin MonoManager ReloadAssembly
- Loaded All Assemblies, in  0.978 seconds
Refreshing native plugins compatible for Editor in 14.84 ms, found 4 plugins.
Native extension for WindowsStandalone target not found
Native extension for iOS target not found
Native extension for Android target not found
Native extension for WebGL target not found
Mono: successfully reloaded assembly
[Package Manager] Server::EnsureServerProcessIsRunning -- launch failed, reason: Unity was launched with the -noUpm command-line argument
[Package Manager] UpmClient::Send -- Unable to send message (not connected to UPM process).
[Package Manager] Cannot connect to Unity Package Manager local server
- Finished resetting the current domain, in  1.895 seconds
Domain Reload Profiling: 2870ms
	BeginReloadAssembly (286ms)
		ExecutionOrderSort (0ms)
		DisableScriptedObjects (22ms)
		BackupInstance (0ms)
		ReleaseScriptingObjects (0ms)
		CreateAndSetChildDomain (64ms)
	RebuildCommonClasses (69ms)
	RebuildNativeTypeToScriptingClass (22ms)
	initialDomainReloadingComplete (51ms)
	LoadAllAssembliesAndSetupDomain (546ms)
		LoadAssemblies (634ms)
		RebuildTransferFunctionScriptingTraits (0ms)
		AnalyzeDomain (66ms)
			TypeCache.Refresh (23ms)
				TypeCache.ScanAssembly (1ms)
			ScanForSourceGeneratedMonoScriptInfo (28ms)
			ResolveRequiredComponents (13ms)
	FinalizeReload (1896ms)
		ReleaseScriptCaches (0ms)
		RebuildScriptCaches (0ms)
		SetupLoadedEditorAssemblies (700ms)
			LogAssemblyErrors (0ms)
			InitializePlatformSupportModulesInManaged (60ms)
			SetLoadedEditorAssemblies (4ms)
			RefreshPlugins (0ms)
			BeforeProcessingInitializeOnLoad (105ms)
			ProcessInitializeOnLoadAttributes (439ms)
			ProcessInitializeOnLoadMethodAttributes (75ms)
			AfterProcessingInitializeOnLoad (15ms)
			EditorAssembliesLoaded (1ms)
		ExecutionOrderSort2 (0ms)
		AwakeInstancesAfterBackupRestoration (24ms)
Refreshing native plugins compatible for Editor in 11.29 ms, found 4 plugins.
Preloading 0 native plugins for Editor in 0.00 ms.
Unloading 4317 Unused Serialized files (Serialized files now loaded: 0)
Unloading 50 unused Assets / (42.1 KB). Loaded Objects now: 4790.
Memory consumption went from 155.1 MB to 155.1 MB.
Total: 4.458000 ms (FindLiveObjects: 0.404100 ms CreateObjectMapping: 0.206900 ms MarkObjects: 3.706600 ms  DeleteObjects: 0.137900 ms)

Prepare: number of updated asset objects reloaded= 0
AssetImportParameters requested are different than current active one (requested -> active):
  colorSpace: 1 -> 0
  custom:container-demuxer-ogg: 62fdf1f143b41e24485cea50d1cbac27 -> 
  custom:video-codec-MediaFoundation-h265: 746d11721c4dcdbdad8f713fa42b33f4 -> 
  custom:video-decoder-ogg-theora: a1e56fd34408186e4bbccfd4996cb3dc -> 
  custom:framework-win-MediaFoundation: 216162199b28c13a410421893ffa2e32 -> 
  custom:CustomObjectIndexerAttribute: 9a22284fe3817be447336de3de66b15e -> 
  custom:container-demuxer-webm: 4f35f7cbe854078d1ac9338744f61a02 -> 
  custom:container-muxer-webm: aa71ff27fc2769a1b78a27578f13a17b -> 
  custom:video-decoder-webm-vp8: 9c59270c3fd7afecdb556c50c9e8de78 -> 
  custom:SearchIndexIgnoredProperties: e643bd26f0fe6173181afceb89e7c659 -> 
  custom:AudioImporter_EditorPlatform: d09bf68614088b80899f8185d706f6e7 -> 
  custom:video-encoder-webm-vp8: eb34c28f22e8b96e1ab97ce403110664 -> 
  custom:graphics/active-color-space: 03000000000000000000000000000000 -> 02000000000000000000000000000000
  custom:audio-decoder-ogg-vorbis: bf7c407c2cedff20999df2af8eb42d56 -> 
  custom:audio-encoder-webm-vorbis: bf7c407c2cedff20999df2af8eb42d56 -> 
========================================================================
Received Prepare
Begin MonoManager ReloadAssembly
- Loaded All Assemblies, in  1.097 seconds
Refreshing native plugins compatible for Editor in 23.45 ms, found 4 plugins.
Native extension for WindowsStandalone target not found
Native extension for iOS target not found
Native extension for Android target not found
Native extension for WebGL target not found
Mono: successfully reloaded assembly
[Package Manager] Server::EnsureServerProcessIsRunning -- launch failed, reason: Unity was launched with the -noUpm command-line argument
[Package Manager] UpmClient::Send -- Unable to send message (not connected to UPM process).
[Package Manager] Cannot connect to Unity Package Manager local server
- Finished resetting the current domain, in  2.811 seconds
Domain Reload Profiling: 3903ms
	BeginReloadAssembly (443ms)
		ExecutionOrderSort (0ms)
		DisableScriptedObjects (49ms)
		BackupInstance (0ms)
		ReleaseScriptingObjects (0ms)
		CreateAndSetChildDomain (138ms)
	RebuildCommonClasses (71ms)
	RebuildNativeTypeToScriptingClass (27ms)
	initialDomainReloadingComplete (66ms)
	LoadAllAssembliesAndSetupDomain (484ms)
		LoadAssemblies (620ms)
		RebuildTransferFunctionScriptingTraits (0ms)
		AnalyzeDomain (49ms)
			TypeCache.Refresh (18ms)
				TypeCache.ScanAssembly (0ms)
			ScanForSourceGeneratedMonoScriptInfo (19ms)
			ResolveRequiredComponents (10ms)
	FinalizeReload (2812ms)
		ReleaseScriptCaches (0ms)
		RebuildScriptCaches (0ms)
		SetupLoadedEditorAssemblies (1072ms)
			LogAssemblyErrors (0ms)
			InitializePlatformSupportModulesInManaged (75ms)
			SetLoadedEditorAssemblies (8ms)
			RefreshPlugins (0ms)
			BeforeProcessingInitializeOnLoad (125ms)
			ProcessInitializeOnLoadAttributes (624ms)
			ProcessInitializeOnLoadMethodAttributes (208ms)
			AfterProcessingInitializeOnLoad (31ms)
			EditorAssembliesLoaded (0ms)
		ExecutionOrderSort2 (0ms)
		AwakeInstancesAfterBackupRestoration (32ms)
Refreshing native plugins compatible for Editor in 12.46 ms, found 4 plugins.
Preloading 0 native plugins for Editor in 0.00 ms.
Unloading 4318 Unused Serialized files (Serialized files now loaded: 0)
Unloading 49 unused Assets / (41.5 KB). Loaded Objects now: 4795.
Memory consumption went from 157.1 MB to 157.0 MB.
Total: 6.409200 ms (FindLiveObjects: 0.422300 ms CreateObjectMapping: 0.351800 ms MarkObjects: 5.521400 ms  DeleteObjects: 0.111500 ms)

Prepare: number of updated asset objects reloaded= 0
AssetImportParameters requested are different than current active one (requested -> active):
  colorSpace: 1 -> 0
  custom:container-demuxer-ogg: 62fdf1f143b41e24485cea50d1cbac27 -> 
  custom:video-codec-MediaFoundation-h265: 746d11721c4dcdbdad8f713fa42b33f4 -> 
  custom:video-decoder-ogg-theora: a1e56fd34408186e4bbccfd4996cb3dc -> 
  custom:framework-win-MediaFoundation: 216162199b28c13a410421893ffa2e32 -> 
  custom:CustomObjectIndexerAttribute: 9a22284fe3817be447336de3de66b15e -> 
  custom:container-demuxer-webm: 4f35f7cbe854078d1ac9338744f61a02 -> 
  custom:container-muxer-webm: aa71ff27fc2769a1b78a27578f13a17b -> 
  custom:video-decoder-webm-vp8: 9c59270c3fd7afecdb556c50c9e8de78 -> 
  custom:SearchIndexIgnoredProperties: e643bd26f0fe6173181afceb89e7c659 -> 
  custom:AudioImporter_EditorPlatform: d09bf68614088b80899f8185d706f6e7 -> 
  custom:video-encoder-webm-vp8: eb34c28f22e8b96e1ab97ce403110664 -> 
  custom:graphics/active-color-space: 03000000000000000000000000000000 -> 02000000000000000000000000000000
  custom:audio-decoder-ogg-vorbis: bf7c407c2cedff20999df2af8eb42d56 -> 
  custom:audio-encoder-webm-vorbis: bf7c407c2cedff20999df2af8eb42d56 -> 
========================================================================
Received Prepare
Begin MonoManager ReloadAssembly
- Loaded All Assemblies, in  0.937 seconds
Refreshing native plugins compatible for Editor in 8.25 ms, found 4 plugins.
Native extension for WindowsStandalone target not found
Native extension for iOS target not found
Native extension for Android target not found
Native extension for WebGL target not found
Mono: successfully reloaded assembly
[Package Manager] Server::EnsureServerProcessIsRunning -- launch failed, reason: Unity was launched with the -noUpm command-line argument
[Package Manager] UpmClient::Send -- Unable to send message (not connected to UPM process).
[Package Manager] Cannot connect to Unity Package Manager local server
- Finished resetting the current domain, in  1.620 seconds
Domain Reload Profiling: 2551ms
	BeginReloadAssembly (346ms)
		ExecutionOrderSort (0ms)
		DisableScriptedObjects (20ms)
		BackupInstance (0ms)
		ReleaseScriptingObjects (0ms)
		CreateAndSetChildDomain (74ms)
	RebuildCommonClasses (80ms)
	RebuildNativeTypeToScriptingClass (24ms)
	initialDomainReloadingComplete (63ms)
	LoadAllAssembliesAndSetupDomain (417ms)
		LoadAssemblies (538ms)
		RebuildTransferFunctionScriptingTraits (0ms)
		AnalyzeDomain (44ms)
			TypeCache.Refresh (16ms)
				TypeCache.ScanAssembly (0ms)
			ScanForSourceGeneratedMonoScriptInfo (17ms)
			ResolveRequiredComponents (10ms)
	FinalizeReload (1621ms)
		ReleaseScriptCaches (0ms)
		RebuildScriptCaches (0ms)
		SetupLoadedEditorAssemblies (673ms)
			LogAssemblyErrors (0ms)
			InitializePlatformSupportModulesInManaged (55ms)
			SetLoadedEditorAssemblies (5ms)
			RefreshPlugins (0ms)
			BeforeProcessingInitializeOnLoad (124ms)
			ProcessInitializeOnLoadAttributes (426ms)
			ProcessInitializeOnLoadMethodAttributes (53ms)
			AfterProcessingInitializeOnLoad (10ms)
			EditorAssembliesLoaded (0ms)
		ExecutionOrderSort2 (0ms)
		AwakeInstancesAfterBackupRestoration (17ms)
Refreshing native plugins compatible for Editor in 9.82 ms, found 4 plugins.
Preloading 0 native plugins for Editor in 0.00 ms.
Unloading 4318 Unused Serialized files (Serialized files now loaded: 0)
Unloading 49 unused Assets / (41.5 KB). Loaded Objects now: 4799.
Memory consumption went from 159.0 MB to 159.0 MB.
Total: 4.240700 ms (FindLiveObjects: 0.562700 ms CreateObjectMapping: 0.209400 ms MarkObjects: 3.378200 ms  DeleteObjects: 0.088500 ms)

Prepare: number of updated asset objects reloaded= 0
AssetImportParameters requested are different than current active one (requested -> active):
  colorSpace: 1 -> 0
  custom:container-demuxer-ogg: 62fdf1f143b41e24485cea50d1cbac27 -> 
  custom:video-codec-MediaFoundation-h265: 746d11721c4dcdbdad8f713fa42b33f4 -> 
  custom:video-decoder-ogg-theora: a1e56fd34408186e4bbccfd4996cb3dc -> 
  custom:framework-win-MediaFoundation: 216162199b28c13a410421893ffa2e32 -> 
  custom:CustomObjectIndexerAttribute: 9a22284fe3817be447336de3de66b15e -> 
  custom:container-demuxer-webm: 4f35f7cbe854078d1ac9338744f61a02 -> 
  custom:container-muxer-webm: aa71ff27fc2769a1b78a27578f13a17b -> 
  custom:video-decoder-webm-vp8: 9c59270c3fd7afecdb556c50c9e8de78 -> 
  custom:SearchIndexIgnoredProperties: e643bd26f0fe6173181afceb89e7c659 -> 
  custom:AudioImporter_EditorPlatform: d09bf68614088b80899f8185d706f6e7 -> 
  custom:video-encoder-webm-vp8: eb34c28f22e8b96e1ab97ce403110664 -> 
  custom:graphics/active-color-space: 03000000000000000000000000000000 -> 02000000000000000000000000000000
  custom:audio-decoder-ogg-vorbis: bf7c407c2cedff20999df2af8eb42d56 -> 
  custom:audio-encoder-webm-vorbis: bf7c407c2cedff20999df2af8eb42d56 -> 
========================================================================
Received Prepare
Begin MonoManager ReloadAssembly
- Loaded All Assemblies, in 25.618 seconds
Refreshing native plugins compatible for Editor in 43.04 ms, found 4 plugins.
Native extension for WindowsStandalone target not found
Native extension for iOS target not found
Native extension for Android target not found
Native extension for WebGL target not found
Mono: successfully reloaded assembly
- Finished resetting the current domain, in  6.755 seconds
Domain Reload Profiling: 32329ms
	BeginReloadAssembly (10844ms)
		ExecutionOrderSort (0ms)
		DisableScriptedObjects (109ms)
		BackupInstance (0ms)
		ReleaseScriptingObjects (0ms)
		CreateAndSetChildDomain (202ms)
	RebuildCommonClasses (783ms)
	RebuildNativeTypeToScriptingClass (179ms)
	initialDomainReloadingComplete (1037ms)
	LoadAllAssembliesAndSetupDomain (12729ms)
		LoadAssemblies (22070ms)
		RebuildTransferFunctionScriptingTraits (0ms)
		AnalyzeDomain (32ms)
			TypeCache.Refresh (28ms)
				TypeCache.ScanAssembly (0ms)
			ScanForSourceGeneratedMonoScriptInfo (1ms)
			ResolveRequiredComponents (1ms)
	FinalizeReload (6757ms)
		ReleaseScriptCaches (0ms)
		RebuildScriptCaches (0ms)
		SetupLoadedEditorAssemblies (1069ms)
			LogAssemblyErrors (0ms)
			InitializePlatformSupportModulesInManaged (135ms)
			SetLoadedEditorAssemblies (13ms)
			RefreshPlugins (0ms)
			BeforeProcessingInitializeOnLoad (459ms)
			ProcessInitializeOnLoadAttributes (407ms)
			ProcessInitializeOnLoadMethodAttributes (42ms)
			AfterProcessingInitializeOnLoad (13ms)
			EditorAssembliesLoaded (0ms)
		ExecutionOrderSort2 (0ms)
		AwakeInstancesAfterBackupRestoration (15ms)
Refreshing native plugins compatible for Editor in 8.13 ms, found 4 plugins.
Preloading 0 native plugins for Editor in 0.00 ms.
Unloading 4697 Unused Serialized files (Serialized files now loaded: 0)
Unloading 48 unused Assets / (42.0 KB). Loaded Objects now: 5174.
Memory consumption went from 163.5 MB to 163.4 MB.
Total: 4.223200 ms (FindLiveObjects: 0.539000 ms CreateObjectMapping: 0.268200 ms MarkObjects: 3.308700 ms  DeleteObjects: 0.105600 ms)

Prepare: number of updated asset objects reloaded= 0
AssetImportParameters requested are different than current active one (requested -> active):
  colorSpace: 1 -> 0
  custom:scripting/monoscript/fileName/InvertVector3Processor.cs: 26cd309c39f83c2c220d5ebd4cff9df8 -> 
  custom:scripting/monoscript/fileName/IInputInteraction.cs: 904998db3f6a68004028b91c21d88b1a -> 
  custom:scripting/precompiled-assembly-types:Unity.2D.Aseprite.Common: 6f32d9da0697a1bcfc71999c7b08d0ec -> 
  custom:scripting/monoscript/fileName/SetSamplingFrequencyCommand.cs: 47d086117c0acad03de65dbcce09e259 -> 
  custom:scripting/monoscript/fileName/VirtualMouseInput.cs: e3ef3ab161a243cb2a500a35a4caee75 -> 
  custom:scripting/monoscript/fileName/InputActionAssetEditor.cs: 4adbf4cb8c26b8932ee3ffc274073efe -> 
  custom:scripting/monoscript/fileName/WarpMousePositionCommand.cs: 01384d8ffa6a4ca8ee07bdccdac35b25 -> 
  custom:scripting/monoscript/fileName/InputActionInspector.cs: feb294aa54880b2096f97ebf1b199a15 -> 
  custom:scripting/monoscript/fileName/IInputActionCollection.cs: 48d624420401ff220daba7d5ae2b1364 -> 
  custom:scripting/monoscript/fileName/RequestSyncCommand.cs: 77a116703141a2eb2b4f13048db47d70 -> 
  custom:scripting/monoscript/fileName/InputStateBuffers.cs: 093dce8d3186118dd5042dafab7ae9e8 -> 
  custom:scripting/monoscript/fileName/InputActionCodeGenerator.cs: fca5f00d4b3eb657093524f16bf7bf13 -> 
  custom:scripting/monoscript/fileName/OnScreenButton.cs: 899b27e30b3465adcf27965c13bdc93c -> 
  custom:scripting/monoscript/fileName/DpadControl.cs: cfb85ad133fb5cf56fdc4c985aa8f908 -> 
  custom:scripting/monoscript/fileName/SwitchProControllerHID.cs: 78f82bd2c370087351de0e08672adca7 -> 
  custom:scripting/monoscript/fileName/InputLayoutCodeGenerator.cs: 9639b5848dc57960c08578d20d665948 -> 
  custom:scripting/monoscript/fileName/UnityRemoteSupport.cs: 982f96b2b3bcf7b6fe852779285ed35f -> 
  custom:scripting/monoscript/fileName/TwoModifiersComposite.cs: eb122d12dc9485d1b7f97cc256726e8b -> 
  custom:scripting/monoscript/fileName/InputActionState.cs: 0b37a93989f6e5de9afaeb4201ff9fd1 -> 
  custom:scripting/monoscript/fileName/InternedString.cs: 95f1db197e52a5e6ea3f009cd95df5ed -> 
  custom:scripting/monoscript/fileName/DisableDeviceCommand.cs: 0ad271a8bb040421b84ee6fbd5f9b9ad -> 
  custom:scripting/monoscript/fileName/NormalizeVector3Processor.cs: a9fdcc08cb92f00cadc525b362b15ecf -> 
  custom:scripting/monoscript/fileName/GenericXRDevice.cs: 31f8338285464e5a41cc62a6bcd45bcc -> 
  custom:scripting/monoscript/fileName/GoogleVR.cs: 99c1f4b0215996dade99604b61c7ec12 -> 
  custom:scripting/monoscript/fileName/AnimationPlayableAsset.cs: 009db08c97e92a2c69986ab256d074e2 -> 
  custom:container-demuxer-ogg: 62fdf1f143b41e24485cea50d1cbac27 -> 
  custom:scripting/monoscript/fileName/OpenVR.cs: 77f0de6828ff8ecbd33f19acd04444f7 -> 
  custom:scripting/monoscript/fileName/FastMouse.partial.cs: c1eb115b9947f2d7660b6624e6d2a006 -> 
  custom:scripting/precompiled-assembly-types:Unity.PlasticSCM.Editor: 8c2de24d8d9aa08c16713572feafbebe -> 
  custom:scripting/monoscript/fileName/iOSPostProcessBuild.cs: 9511a85ceb885fe21fc0fd0763de6cf3 -> 
  custom:scripting/monoscript/fileName/InputControlPicker.cs: 6b00d000a225762ecd654d2e2099bede -> 
  custom:scripting/monoscript/fileName/IHaptics.cs: 5c70e747929f1a71eccdc11041ef53fe -> 
  custom:scripting/monoscript/fileName/DownloadableSample.cs: 89120054f688b631c9ee6f5097128d97 -> 
  custom:scripting/monoscript/fileName/TouchControl.cs: bc4be08888a45c76e7675bb7d2381412 -> 
  custom:scripting/monoscript/fileName/InputSettingsProvider.cs: aad247d3909e557ebafce3429de6662a -> 
  custom:scripting/monoscript/fileName/Keyboard.cs: 7ecd46b364aabed617ca2aa518d013e5 -> 
  custom:scripting/monoscript/fileName/InputDevice.cs: 5d904dd2c22e502aeeaf9ca9e6633e24 -> 
  custom:scripting/monoscript/fileName/Oculus.cs: 2edcd533dd4b371bb248051a8fa77761 -> 
  custom:scripting/precompiled-assembly-types:Unity.InputSystem.TestFramework: 7ec75b260a40a57aeffe570e5787571b -> 
  custom:scripting/precompiled-assembly-types:Unity.VisualScripting.Core: 62181b5b48d4118f6c2cc95074ddea42 -> 
  custom:scripting/monoscript/fileName/AnimationTrack.cs: 579258c150686ede8cacf1f75da21715 -> 
  custom:scripting/precompiled-assembly-types:Unity.Profiling.Core: a336ccbc8b8eedc26954b35fd863eaec -> 
  custom:scripting/monoscript/fileName/InputActionDebuggerWindow.cs: 872825097bc1ef1faa83af3d2b00a7e1 -> 
  custom:scripting/monoscript/fileName/AssemblyInfo.cs: 53d0e8986685ee279f50bdc53646eeb9 -> 
  custom:scripting/monoscript/fileName/IEventPreProcessor.cs: 7295c10dcae8814a8292aa0ee947599f -> 
  custom:scripting/monoscript/fileName/IntegerControl.cs: 888315a91a2577ba62858fefb74b01da -> 
  custom:scripting/monoscript/fileName/ViewStateCollection.cs: 90647cc400823b41df847a6cbfc29026 -> 
  custom:scripting/monoscript/fileName/AxisComposite.cs: 1a3b07803006c7cd98260293e041921c -> 
  custom:scripting/monoscript/fileName/QueryUserIdCommand.cs: a01aca235669f681cb2e5d6ae8addaa9 -> 
  custom:scripting/monoscript/fileName/NormalizeProcessor.cs: 3de4423bc603683c7ace908ef059b016 -> 
  custom:scripting/monoscript/fileName/InputDeviceDebuggerWindow.cs: d5d7f249a0c7e26b5c99aed83ca56ee7 -> 
  custom:scripting/monoscript/fileName/InputMetrics.cs: a5c225dbed9a189ed621c2052e3e4812 -> 
  custom:scripting/monoscript/fileName/XInputControllerWindows.cs: ccd364aacdd4c07fc90a580603986127 -> 
  custom:scripting/monoscript/fileName/TouchHistory.cs: 0bd5153c399a7814148eb0529881c327 -> 
  custom:scripting/precompiled-assembly-types:Unity.Notifications.Unified: 43ab6606799bae501ed5e658d59b299e -> 
  custom:scripting/monoscript/fileName/TouchscreenControlPickerLayout.cs: 2125296fdeb3923857d26aa69c1c47f2 -> 
  custom:scripting/monoscript/fileName/InputUserSettings.cs: 916cc29923c01ad422d1a009d6775681 -> 
  custom:scripting/monoscript/fileName/IInputRuntime.cs: 683baa8e477b4ccf74f0b797af7a5130 -> 
  custom:scripting/precompiled-assembly-types:Unity.VisualScripting.State.Editor: bfd19d10497364660dabdb7b0dffedf3 -> 
  custom:scripting/monoscript/fileName/HIDSupport.cs: 099f7abf8a3ee4aa9bd36bc75ccbfefb -> 
  custom:scripting/precompiled-assembly-types:Unity.2D.Animation.Runtime: fca47be2a9f025cb2ee383718a18498e -> 
  custom:video-codec-MediaFoundation-h265: 746d11721c4dcdbdad8f713fa42b33f4 -> 
  custom:scripting/monoscript/fileName/ButtonWithOneModifier.cs: 68f005a2616c543c53a81e953d2b1c97 -> 
  custom:scripting/monoscript/fileName/QuaternionControl.cs: a9008c1888de55a3e771c5cf20b7f3d9 -> 
  custom:scripting/monoscript/fileName/InputDiagnostics.cs: 33a0d887634ac60a4b86fe7315969c5c -> 
  custom:scripting/precompiled-assembly-types:Unity.Burst.Editor: 2c02d45388044a901cca2abd67e6fa22 -> 
  custom:scripting/monoscript/fileName/InputActionTrace.cs: 004f24f75c0a176ffc4990497785b33c -> 
  custom:scripting/precompiled-assembly-types:Unity.VisualScripting.State: a1b84a027925ee482b6dab13e9d110f3 -> 
  custom:scripting/precompiled-assembly-types:Unity.VisualScripting.SettingsProvider.Editor: 41414d03caeb8d6946e082e3faf34ce7 -> 
  custom:scripting/monoscript/fileName/SelectManyObservable.cs: 0cdf409b5aa8d4c25876d72b5c6a3b60 -> 
  custom:scripting/monoscript/fileName/AndroidLogcatConsoleWindow.cs: 8abfcf0f3f6fe0b8c035b8828a556fee -> 
  custom:scripting/precompiled-assembly-types:Unity.Notifications.iOS: 1a4c0432b57d15467c4f28d58ae54ef2 -> 
  custom:scripting/monoscript/fileName/XInputSupport.cs: f0d85607abbb4b1149b4034019ff04ed -> 
  custom:scripting/monoscript/fileName/InputControlDropdownItem.cs: 291d3f968f0e593f58e13b38fe2742b3 -> 
  custom:video-decoder-ogg-theora: a1e56fd34408186e4bbccfd4996cb3dc -> 
  custom:scripting/precompiled-assembly-types:Unity.2D.Psdimporter.Editor: ed563be6c9b4eabe02cd35dbfcc1f959 -> 
  custom:scripting/monoscript/fileName/MemoryHelpers.cs: 53156631467fa40859bc9c1f8f88bb12 -> 
  custom:scripting/monoscript/fileName/CallbackDataSource.cs: 6f704c385b696082180aa49bed32c026 -> 
  custom:scripting/monoscript/fileName/AdvancedDropdownDataSource.cs: 428d52d44c12b04eddf300f83f94fb9c -> 
  custom:scripting/monoscript/fileName/IInputEventTypeInfo.cs: a163e0b33b0ef6de42962a548c982415 -> 
  custom:scripting/monoscript/fileName/InputEventTreeView.cs: 70ebb846b08feb061018e0fc806019c8 -> 
  custom:scripting/monoscript/fileName/Pointer.cs: ce2152e3a144dadf27b6b7be62c47f0a -> 
  custom:scripting/monoscript/fileName/InputSystemUIInputModuleEditor.cs: 8bd0e6628d94b95bc4e7082bdd62e28e -> 
  custom:scripting/precompiled-assembly-types:Unity.Burst.CodeGen: 1b92a1d613a04e6135b8a39a43158365 -> 
  custom:scripting/monoscript/fileName/ParameterListView.cs: 018e8161ec06df153608ce9adba55c3f -> 
  custom:scripting/monoscript/fileName/IInputStateChangeMonitor.cs: 9b99017561e3533bdb65e893153fafea -> 
  custom:scripting/monoscript/fileName/PressInteraction.cs: 752c473143499f0f1beaacb15f400a1d -> 
  custom:scripting/monoscript/fileName/Comparers.cs: a4fd4e4518e16b985ebc608a7fca9c48 -> 
  custom:scripting/monoscript/fileName/DualShockSupport.cs: 58ad10689626ffbc27e9ff5e35a0fe94 -> 
  custom:framework-win-MediaFoundation: 216162199b28c13a410421893ffa2e32 -> 
  custom:scripting/precompiled-assembly-types:Unity.2D.Tilemap.Extras: 9722aa6e48a25d628be73e787a5a1bb9 -> 
  custom:scripting/monoscript/fileName/PrimitiveValue.cs: 2da19b19a1bc3da68e1b06314cd109da -> 
  custom:scripting/monoscript/fileName/Pen.cs: 6eab9170261bbd85df09d1ffe39eb3e1 -> 
  custom:scripting/monoscript/fileName/StringHelpers.cs: 091725760b03f79e734c77418a754009 -> 
  custom:scripting/monoscript/fileName/JsonParser.cs: 4ca9a1eed6af4d53f2778a8abb3703e2 -> 
  custom:scripting/monoscript/fileName/FourCC.cs: 718ad77a73db081c260cd8ce625d1d12 -> 
  custom:scripting/precompiled-assembly-types:Unity.2D.Common.Editor: 7cbb781a6c9c3533080bdeaa9f578bb7 -> 
  custom:scripting/precompiled-assembly-types:Unity.Collections.DocCodeSamples: 23ba9e0c5ef3e46a6ff4f5179d85b4a5 -> 
  custom:scripting/monoscript/fileName/Finger.cs: 47c63a23d4568c72c9e2be18ba728ebd -> 
  custom:scripting/monoscript/fileName/ClampProcessor.cs: 799e07eb15a017e9ba829d3f4ca99111 -> 
  custom:scripting/monoscript/fileName/InputDeviceMatcher.cs: 934062a53f2d14192d3094d9f09442b6 -> 
  custom:scripting/monoscript/fileName/InitiateUserAccountPairingCommand.cs: 1a666a76197a03f8f7bce4a17141341c -> 
  custom:scripting/monoscript/fileName/InputControlPathDrawer.cs: f9c7ec3ba894b22b094bce7cea9d36c7 -> 
  custom:scripting/monoscript/fileName/IsometricRuleTile.cs: 226477e0fda8299a797033f4381d7b8f -> 
  custom:scripting/precompiled-assembly-types:Unity.2D.Aseprite.Editor: a213fae50463f431054ed833a60d547a -> 
  custom:scripting/monoscript/fileName/SlowTapInteraction.cs: d4d7eb3e402f2cf763b711b8aca21716 -> 
  custom:scripting/monoscript/fileName/QuerySamplingFrequencyCommand.cs: ffe0bdcb4ec1816ad7a20032df8affbd -> 
  custom:scripting/monoscript/fileName/InputBindingComposite.cs: 8acdccf814316320ed20f4ab536c63c4 -> 
  custom:scripting/monoscript/fileName/InlinedArray.cs: e42627bc0cc64469ebb2649b4749f607 -> 
  custom:scripting/monoscript/fileName/CallbackArray.cs: 90647cc400823b41df847a6cbfc29026 -> 
  custom:scripting/monoscript/fileName/OSXGameController.cs: a3f684cd3d6af3701e16c8699ba556c0 -> 
  custom:scripting/monoscript/fileName/TextMeshPro.cs: 0cfab9de2f927cf0a5e3dc6276498acd -> 
  custom:scripting/monoscript/fileName/Observable.cs: 622d3d50ef7faf6ec60105d4626f5ceb -> 
  custom:scripting/monoscript/fileName/ScaleVector3Processor.cs: 4f21bb4fa41fc96799edb532f6172693 -> 
  custom:scripting/precompiled-assembly-types:Unity.2D.PixelPerfect.Editor: 1dd2c8662b54f7c48656e3e8769dcc99 -> 
  custom:scripting/monoscript/fileName/InvertVector2Processor.cs: 774a3487189aea92da637db92d9118d5 -> 
  custom:scripting/monoscript/fileName/StandaloneInputModuleEditor.cs: 0c1eaef25625ade10d4aab2e84b9d672 -> 
  custom:scripting/precompiled-assembly-types:Unity.2D.Sprite.Editor: e518c3bd7140c8f0580988b4a2c547c8 -> 
  custom:scripting/monoscript/fileName/FastTouchscreen.cs: 9057cd167dd3d29f3b1283a395a3a33e -> 
  custom:scripting/monoscript/fileName/Sensor.cs: 419cc8c616c869ad06dd0244620146f3 -> 
  custom:scripting/monoscript/fileName/NamedValue.cs: 8376b4dcd097f8e75b2f3411208254ef -> 
  custom:scripting/monoscript/fileName/InputBinding.cs: f6fa0e7ca1620e125824ad7aa87dde6a -> 
  custom:scripting/monoscript/fileName/OnInputSystemEventAnalyser.cs: 5000030ea589a42dacb479a2f3766fbd -> 
  custom:scripting/monoscript/fileName/InputActionsEditorConstants.cs: 48474179b48b60fb02f5aec59408886a -> 
  custom:scripting/precompiled-assembly-types:Unity.2D.PixelPerfect: b4d87180cdb666d4e563f0feb63adff6 -> 
  custom:scripting/monoscript/fileName/PlayerInputManager.cs: d78a6a69863acf031e5348de2108e605 -> 
  custom:scripting/precompiled-assembly-types:Unity.Burst: 813d3b3d85b4f226cca91b96115edc25 -> 
  custom:scripting/monoscript/fileName/BufferedRumble.cs: 6a480de6b1fe2251e7ff08c4ce4c02ea -> 
  custom:scripting/monoscript/fileName/PointerModel.cs: 71a6371a8f201bacb2e5db4acfc37d66 -> 
  custom:scripting/monoscript/fileName/DelegateHelpers.cs: d5bb425af0b5b02d6700aaef05db5f95 -> 
  custom:scripting/monoscript/fileName/AnyKeyControl.cs: 6f6956b0876c685790984c2ec0fb11df -> 
  custom:scripting/monoscript/fileName/XRLayoutBuilder.cs: 21ffc1832cbfeb6035611a9800913395 -> 
  custom:scripting/monoscript/fileName/SDLDeviceBuilder.cs: 00cc39ba5b1705d465f85acb258f3546 -> 
  custom:scripting/precompiled-assembly-types:Unity.CollabProxy.Editor: 719513884e06ae88ec6448b0e7ccc543 -> 
  custom:scripting/monoscript/fileName/EnhancedTouchSupport.cs: 60dfbeffc3a1db5c7c0f9d4fab51a6e1 -> 
  custom:scripting/precompiled-assembly-types:Unity.InputSystem.ForUI: bae848875a35fe96f09fcc9f4e534600 -> 
  custom:scripting/monoscript/fileName/InputManager.cs: dea24e3da8b083e8a28641430520c9c0 -> 
  custom:scripting/monoscript/fileName/InputSystemPlugin.cs: 10a580f1db4a8ef14ffb6c3b099a0564 -> 
  custom:scripting/precompiled-assembly-types:Unity.2D.Common.Runtime: d57b2527d87b399232fb649a533f9748 -> 
  custom:scripting/monoscript/fileName/Vector2Composite.cs: 3c222e4e378dcfe52075de72b9663f60 -> 
  custom:scripting/monoscript/fileName/GetCurrentHapticStateCommand.cs: 4cd4b9a65647c18ded8aa1c4b2b9796f -> 
  custom:scripting/monoscript/fileName/InputExtensions.cs: 8f6f56ef37e3f054a7a7409cdb252c10 -> 
  custom:scripting/precompiled-assembly-types:Unity.Timeline.Editor: 534d7c71c4dd9147ea00599cede121e1 -> 
  custom:scripting/monoscript/fileName/SerializedPropertyHelpers.cs: 54656cf4b888a0555d305d3172f6ef93 -> 
  custom:CustomObjectIndexerAttribute: 9a22284fe3817be447336de3de66b15e -> 
  custom:scripting/monoscript/fileName/InputActionProperty.cs: 1cef8e3bac8177c58bdf00b89999ee70 -> 
  custom:scripting/precompiled-assembly-types:Unity.2D.Common.Path.Editor: 67ef6a7d0ffe69b88d4a058454e0baa3 -> 
  custom:scripting/monoscript/fileName/InputActionImporter.cs: 19c89ffe8a0f97b5dd3ac2a40ca07edb -> 
  custom:scripting/monoscript/fileName/InputEventListener.cs: 752a4fdcf8e5a1b2edb0fe714eecfe1e -> 
  custom:scripting/monoscript/fileName/TypeHelpers.cs: 9fde05372a5fe2745109df4672477f7b -> 
  custom:scripting/monoscript/fileName/InputStateBlock.cs: 979e1ff106f0ac030ea1ea8df905fcdf -> 
  custom:scripting/monoscript/fileName/PredictiveParser.cs: 11761c981acd9ecbcb551be590127cd5 -> 
  custom:scripting/monoscript/fileName/Touch.cs: aed080cad24aa0b4153e8dc9948b58a5 -> 
  custom:scripting/monoscript/fileName/InputControlPathEditor.cs: c4e4855b2fc09dc4e9adcd9ef893d58e -> 
  custom:scripting/monoscript/fileName/IDualMotorRumble.cs: 5f6a1c243251c71316be36f60e2edc96 -> 
  custom:scripting/precompiled-assembly-types:Unity.Notifications.Android: 9aa408928bc811d12c1ca9fe1a212ccd -> 
  custom:scripting/monoscript/fileName/SwitchSupportHID.cs: e50c2efa89a2ad634027df9d84b4e3e0 -> 
  custom:scripting/monoscript/fileName/DefaultInputActions.cs: 6d325dce06864e239959fec06a7bcb34 -> 
  custom:scripting/monoscript/fileName/UseWindowsGamingInputCommand.cs: 61fcd09208b8fa2432a7bcd2cc77affa -> 
  custom:scripting/monoscript/fileName/NormalizeVector2Processor.cs: 8bd7d17d8d184d12ee67e83355ec3df6 -> 
  custom:container-demuxer-webm: 4f35f7cbe854078d1ac9338744f61a02 -> 
  custom:scripting/monoscript/fileName/OneModifierComposite.cs: 2396a536ac3012f9b195d576a48ca0bd -> 
  custom:scripting/monoscript/fileName/XRSupport.cs: ac3cee8b33cb0b849f0005496405c94d -> 
  custom:scripting/monoscript/fileName/InputActionMapDrawer.cs: 116fd0e890ca81f92874fad325884eac -> 
  custom:scripting/precompiled-assembly-types:Unity.Notifications: eac0c949191e263cc5d2f894eceea8cd -> 
  custom:scripting/monoscript/fileName/InputAction.cs: ac64462c0fc3595515f03f36d4efcbd2 -> 
  custom:scripting/monoscript/fileName/DeviceConfigurationEvent.cs: 510c7dba8b40726e797345201b3fa470 -> 
  custom:scripting/monoscript/fileName/InputActionAssetManager.cs: ea530132c4d1b5020dd6e476a2a38fb4 -> 
  custom:scripting/monoscript/fileName/IDualShockHaptics.cs: 3802c2cf67d004ba5d74496df2179836 -> 
  custom:scripting/monoscript/fileName/InputSettings.cs: d7ef7947692727d78270eb2592402c03 -> 
  custom:scripting/monoscript/fileName/TouchPhaseControl.cs: 7512f1f8335d9b1be74dcd0ea47c1e22 -> 
  custom:scripting/precompiled-assembly-types:Unity.Mobile.AndroidLogcat.Editor: 382f5c4b5345fd55de6ff74932f081b0 -> 
  custom:scripting/precompiled-assembly-types:Unity.Collections.BurstCompatibilityGen: d26056d813c945132a21ff9f8750c98e -> 
  custom:scripting/monoscript/fileName/Touchscreen.cs: ffc84b9850e1122be8bdcca9b037294c -> 
  custom:scripting/monoscript/fileName/WhereObservable.cs: 0cdf409b5aa8d4c25876d72b5c6a3b60 -> 
  custom:scripting/monoscript/fileName/RequestResetCommand.cs: 5a881eceedbc23163d3feb8f09a28034 -> 
  custom:scripting/monoscript/fileName/InvertProcessor.cs: 8fef723b3e8cbb132d922876d3097cdd -> 
  custom:scripting/monoscript/fileName/UISupport.cs: 4aef61197fdf43dacd2c65403caf85ae -> 
  custom:scripting/monoscript/fileName/InputControlTreeView.cs: 1bdd4cb4dbef8eaf9ad8e2bac2f52d92 -> 
  custom:scripting/monoscript/fileName/InputControlList.cs: 849ed7f5b11c9db237ef61b01c5a5104 -> 
  custom:scripting/monoscript/fileName/SetIMECursorPositionCommand.cs: e9aeee9dfc1e3895d4b1fdbc699ffd99 -> 
  custom:scripting/monoscript/fileName/IViewStateCollection.cs: 1a1a29e9cf9e831fdcf0170a29d9ffa4 -> 
  custom:scripting/monoscript/fileName/SerializedPropertyLinqExtensions.cs: eb3c7e6c13c4deaa409be0505d1c60ed -> 
  custom:scripting/monoscript/fileName/StickDeadzoneProcessor.cs: 6d6058c9ef1ff49292708e93df0f6950 -> 
  custom:scripting/monoscript/fileName/InputRemoting.cs: f8614d7aef4c39466e146a472122fec7 -> 
  custom:scripting/monoscript/fileName/DualShockGamepad.cs: f5f4051139b2f1a41a8085b7526eb7be -> 
  custom:scripting/monoscript/fileName/TrackedDeviceRaycaster.cs: b8a6378867816e80ed0f3d9fe60f3bbe -> 
  custom:scripting/precompiled-assembly-types:Unity.2D.Tilemap.Editor: 85af4e3464fe6b8d3f7827018c0d5e21 -> 
  custom:scripting/precompiled-assembly-types:Unity.Mathematics: eda48956a0bece48f802264722748d9b -> 
  custom:scripting/monoscript/fileName/Substring.cs: 155bc9f3de23b8c08e135b802ded7331 -> 
  custom:scripting/monoscript/fileName/OnScreenControl.cs: 82f54ae925b6933f7962f7d2cbe60763 -> 
  custom:scripting/precompiled-assembly-types:Unity.2D.SpriteShape.Runtime: 7951efc3114d3b5dd81068bf56c35699 -> 
  custom:scripting/monoscript/fileName/InputControlPickerState.cs: 5f9b5cb8afce48007728175c3eb057e8 -> 
  custom:scripting/monoscript/fileName/TrackedDevice.cs: c0a523d9ef4d6df623781ab9912266ea -> 
  custom:scripting/monoscript/fileName/AsepriteImporter.cs: 75abe4fbe831928e105d619d45f5475b -> 
  custom:scripting/monoscript/fileName/InputUser.cs: 36260a9ec48499f72e73f9eafc0552cb -> 
  custom:scripting/precompiled-assembly-types:UnityEditor.UI: 6bae215471362000d6dbd3e0ee304a50 -> 
  custom:scripting/monoscript/fileName/MiscHelpers.cs: d6cca883f594dee23f0feba018b6d615 -> 
  custom:scripting/monoscript/fileName/ExceptionHelpers.cs: efe275f28a8e9b2b00af109efb2e0ab3 -> 
  custom:scripting/monoscript/fileName/NativeInputRuntime.cs: 1afac435db3687569cb35bb179fea323 -> 
  custom:scripting/precompiled-assembly-types:Unity.AdaptivePerformance.UI.Editor: 908f964c6ecafb877548f68a9449d641 -> 
  custom:scripting/monoscript/fileName/WebGLSupport.cs: 654530562f42308f2719cc6498dc6cd4 -> 
  custom:scripting/precompiled-assembly-types:Unity.InternalAPIEditorBridge.005: 14285573fed5d47cebfb96be446875c8 -> 
  custom:scripting/monoscript/fileName/TimelineAssetViewModel.cs: 18a79fa063972d49f8538ad72ae7e75c -> 
  custom:scripting/monoscript/fileName/StickControl.cs: a26eebfd1e1a58f0392d28dd3a767141 -> 
  custom:scripting/precompiled-assembly-types:Unity.AdaptivePerformance.Profiler.Editor: d175211299ac13ceae18940d7c139f1b -> 
  custom:scripting/monoscript/fileName/AndroidSupport.cs: 9ab785defff34023abc57840edf3d952 -> 
  custom:scripting/monoscript/fileName/IInputDeviceCommandInfo.cs: 9dd42f14ac828da16c6ba30310467251 -> 
  custom:container-muxer-webm: aa71ff27fc2769a1b78a27578f13a17b -> 
  custom:scripting/monoscript/fileName/InputTestRuntime.cs: d5127b47e25b8c5088abf4e0deaa8d86 -> 
  custom:scripting/monoscript/fileName/ExtendedAxisEventData.cs: 4c1bfc702ee844fc30595587145d523b -> 
  custom:scripting/monoscript/fileName/AxisDeadzoneProcessor.cs: 4ce0869e85b18c3815fae1e784e9f914 -> 
  custom:scripting/monoscript/fileName/EnableDeviceCommand.cs: 03f13a346a45c1316cc4c74086075cbf -> 
  custom:scripting/monoscript/fileName/DualMotorRumbleCommand.cs: fe0683f0fffd14959bf3d500e2cc8956 -> 
  custom:scripting/monoscript/fileName/BaseInputOverride.cs: a912c8e7729c202e46ac536346090423 -> 
  custom:scripting/monoscript/fileName/InputActionDrawerBase.cs: 7678ae39aaf45b1e79da3f1a0f035552 -> 
  custom:scripting/monoscript/fileName/HoldInteraction.cs: d489b50bc685e46cac1f3a9378268f4e -> 
  custom:scripting/monoscript/fileName/AndroidGameController.cs: 983c50cb29c719445cd8ec25f85ff5c0 -> 
  custom:video-decoder-webm-vp8: 9c59270c3fd7afecdb556c50c9e8de78 -> 
  custom:scripting/monoscript/fileName/HIDDescriptorWindow.cs: 6aaa5f652db1e6353aacd01ef4c18854 -> 
  custom:scripting/monoscript/fileName/LinuxSupport.cs: 25480eb3c0fe95eb4511ca50e34150d8 -> 
  custom:scripting/monoscript/fileName/EnumerableExtensions.cs: ee0912cc6284c651dd85d40fab4256b8 -> 
  custom:scripting/precompiled-assembly-types:Unity.Timeline: b058d380530d91aefff3cf869316d3f0 -> 
  custom:scripting/monoscript/fileName/Vector3Composite.cs: 03fb54f1caeff9fd76135a6140243511 -> 
  custom:scripting/monoscript/fileName/InputSettingsiOSProvider.cs: 740a15f6b71b62d4d0ab469224856ce4 -> 
  custom:scripting/monoscript/fileName/Vector3Control.cs: e9a096b3ccdb308c7a9d4b5889021b7a -> 
  custom:scripting/monoscript/fileName/iOSSupport.cs: 7d32c4cb2d69af779288f2a9cd8deac0 -> 
  custom:scripting/monoscript/fileName/QueryKeyNameCommand.cs: 37e2ae06bb378bdc7d63674123948cdc -> 
  custom:scripting/monoscript/fileName/TapInteraction.cs: 596bdc6ff1cd547c8cdd5f2cc72ee25a -> 
  custom:scripting/monoscript/fileName/InputActionTreeViewItems.cs: 60a054e7e783d32e6aa767531543afa7 -> 
  custom:scripting/precompiled-assembly-types:Unity.InternalAPIEngineBridge.001: 727c2dd33fd9ba33b3b36d8b0abec3e5 -> 
  custom:scripting/monoscript/fileName/InputActionSerializationHelpers.cs: 9b5c83021d7fdf16fa02001c66bf5d6f -> 
  custom:scripting/precompiled-assembly-types:Unity.VisualScripting.Shared.Editor: b1bd646cbd56acfef4597dda0faf849f -> 
  custom:scripting/precompiled-assembly-types:Unity.2D.IK.Runtime: 834d071a903607973ce53cf2b60adb28 -> 
  custom:scripting/monoscript/fileName/InputDebuggerWindow.cs: 1dae732b971e79e790411dffde0dc007 -> 
  custom:SearchIndexIgnoredProperties: e643bd26f0fe6173181afceb89e7c659 -> 
  custom:scripting/monoscript/fileName/ReadOnlyArray.cs: 3483e6d7d8ddcc3c4be5ef7b099dae36 -> 
  custom:scripting/monoscript/fileName/HID.cs: 14ac29e61424a85a621280935b74e9d3 -> 
  custom:scripting/monoscript/fileName/InputActionSetupExtensions.cs: 9f825161e7326e1030e07355fbc72851 -> 
  custom:AudioImporter_EditorPlatform: d09bf68614088b80899f8185d706f6e7 -> 
  custom:scripting/monoscript/fileName/MultiLevelDataSource.cs: f2b2576c0243f129ea7ce41b871724db -> 
  custom:scripting/monoscript/fileName/PlayerInput.cs: 1cee85eeeadffae2bed639a188980b07 -> 
  custom:scripting/monoscript/fileName/InputProcessor.cs: 3ec0d2c772ab1a7b95e1616ff5397755 -> 
  custom:scripting/monoscript/fileName/SendBufferedHapticsCommand.cs: 3de60d0072c8966f3fa67e7e06b3de82 -> 
  custom:scripting/monoscript/fileName/InputInteractionContext.cs: e9b9207c5a457e9ba1ed5b963caa1c29 -> 
  custom:scripting/monoscript/fileName/InputActionReference.cs: fbc849277b28f1d12c10638fd6cc5e30 -> 
  custom:scripting/monoscript/fileName/ITextInputReceiver.cs: 8b2979455c8552da770df1cfa8183102 -> 
  custom:scripting/precompiled-assembly-types:Unity.2D.SpriteShape.Editor: cbc7af36169d11bf1609bbe7544dfc2f -> 
  custom:scripting/precompiled-assembly-types:Unity.AdaptivePerformance.Simulator.Editor: c8f901e57ed7420952dbeb9964b7bea8 -> 
  custom:scripting/monoscript/fileName/QueryEditorWindowCoordinatesCommand.cs: 0c7e5370fa30be3b2697197e96ebdac1 -> 
  custom:scripting/monoscript/fileName/ScaleProcessor.cs: ea599d555a5ed7276ea05d57b45e43df -> 
  custom:scripting/monoscript/fileName/InputControlScheme.cs: 54ecc2e6b48d0a96beee21c6444842e2 -> 
  custom:scripting/monoscript/fileName/InputDeviceBuilder.cs: c6e7fb09ff8d2cc0d492291cffb5dd90 -> 
  custom:scripting/monoscript/fileName/InputUpdateType.cs: abf5b4d2515f610113412cbf99b0e951 -> 
  custom:scripting/precompiled-assembly-types:Unity.VisualScripting.Core.Editor: 8e8584c09862c8c19b9223cc7995d0fa -> 
  custom:scripting/monoscript/fileName/EditorWindowSpaceProcessor.cs: 972d1caf54a44d4a9cecbaa9bedec5ca -> 
  custom:scripting/monoscript/fileName/RuleTile.cs: f5f493643c39cafead8f05df075b38cf -> 
  custom:scripting/monoscript/fileName/InputEditorUserSettings.cs: a0a69ad77f1e5a40ed7ef9025a06e030 -> 
  custom:scripting/monoscript/fileName/InputActionAsset.cs: 235856b3baea8efeb679f57b86b2e78b -> 
  custom:scripting/monoscript/fileName/InputFeatureNames.cs: 1a316c2d23c80d5649d91f21104b1196 -> 
  custom:scripting/monoscript/fileName/Gamepad.cs: 266a4361e17cc18fb7776706f865b6cc -> 
  custom:scripting/monoscript/fileName/Vector2Control.cs: ad75cbde8c4029137f073e4f44bb18d0 -> 
  custom:scripting/monoscript/fileName/TrackedPoseDriver.cs: 788465d3a9fa832aab77dafce07b03db -> 
  custom:scripting/monoscript/fileName/InputControl.cs: beed85fe9b3431d0b1ba03e15cb33fe6 -> 
  custom:scripting/monoscript/fileName/TextMeshProUGUI.cs: b783d06a82b0620f102e3253b4b9fc9b -> 
  custom:scripting/precompiled-assembly-types:UnityEngine.TestRunner: f5758234275f5346968d00e3b1a1c0e4 -> 
  custom:scripting/monoscript/fileName/OnScreenStick.cs: 9c42f0c502d32edf782a820c693d1a78 -> 
  custom:scripting/monoscript/fileName/NavigationModel.cs: 1c263830c18aeaed6a5f098797d42577 -> 
  custom:scripting/monoscript/fileName/ScaleVector2Processor.cs: ffa977729ad018813fd2604f3961d4a6 -> 
  custom:scripting/monoscript/fileName/OnScreenSupport.cs: 49400ba586ee250d59e551f6447ee71e -> 
  custom:scripting/monoscript/fileName/InputStateWindow.cs: 07ffe9d19da59cd790dac73385b44113 -> 
  custom:scripting/monoscript/fileName/InputDeviceDescription.cs: b7fafe849135bccdd4576f0a348eb655 -> 
  custom:scripting/monoscript/fileName/WinUserInput.cs: 56506de120dd826b17622d0065c9f5bb -> 
  custom:scripting/monoscript/fileName/ActionEvent.cs: b3ea1ccaeb8c8f45c6b4115a47e7e07f -> 
  custom:scripting/monoscript/fileName/InputControlPickerDropdown.cs: 42f29cccd66ea903b2ff08e0668e70b3 -> 
  custom:scripting/precompiled-assembly-types:Unity.2D.Tilemap.Extras.Editor: 5ad91861b07fefd995e74ac55c89582d -> 
  custom:scripting/monoscript/fileName/TouchSimulation.cs: feb611e04b376a0121f4ebc0bc2c56ac -> 
  custom:scripting/monoscript/fileName/Observer.cs: 90647cc400823b41df847a6cbfc29026 -> 
  custom:scripting/monoscript/fileName/QueryCanRunInBackground.cs: 0430278e077d59b82dbda0fc3b6d50dd -> 
  custom:scripting/monoscript/fileName/TakeNObservable.cs: 0cdf409b5aa8d4c25876d72b5c6a3b60 -> 
  custom:scripting/monoscript/fileName/TouchPressControl.cs: 32da007e297b36a2fe817f63e5f6bbb5 -> 
  custom:scripting/monoscript/fileName/QueryEnabledStateCommand.cs: 87c8e7655c4949e0535eb54544eb97da -> 
  custom:scripting/monoscript/fileName/InputEvent.cs: fd054d2072bcad44e3a253005347289b -> 
  custom:scripting/monoscript/fileName/InputActionRebindingExtensions.cs: 800aebbd7a30c1f9ff7fb1fa8ee640fa -> 
  custom:scripting/monoscript/fileName/ForDeviceEventObservable.cs: f39d5cdafde47df1f2a834a038b823b7 -> 
  custom:scripting/monoscript/fileName/InputUserAccountHandle.cs: a5f9751051223c483aa2839401cb39cd -> 
  custom:scripting/monoscript/fileName/IEventMerger.cs: 1b166203b9c6da6368d80320ec7c9961 -> 
  custom:scripting/monoscript/fileName/InputEventStream.cs: ea6c76443cc84b1345bb202bc3c6e172 -> 
  custom:scripting/monoscript/fileName/InputActionMap.cs: 7796e3225f536783e555cebebc915987 -> 
  custom:scripting/monoscript/fileName/ButtonWithTwoModifiers.cs: 8fbe9bb2a05d6d8ae165c4af2a58f87a -> 
  custom:scripting/monoscript/fileName/DefaultInputControlPickerLayout.cs: 0d39d096b1a242cb2404a05c8ab9b9dc -> 
  custom:scripting/monoscript/fileName/IOSGameController.cs: dd4dd0e526e0233e35c4166a4e15be3b -> 
  custom:scripting/monoscript/fileName/InputControlLayout.cs: 14cb813b35120ffd242f99d5c15bb438 -> 
  custom:scripting/monoscript/fileName/GetHapticCapabilitiesCommand.cs: cae75b99f8d3e9c6ddab6313911969e6 -> 
  custom:scripting/monoscript/fileName/KeyControl.cs: 8c245292417dc646748409be61bb7b1e -> 
  custom:scripting/monoscript/fileName/InputParameterEditor.cs: 431a7292e136429730776139ea5efe7c -> 
  custom:scripting/monoscript/fileName/PoseControl.cs: 26044499bf9bfd77ab38d92d33de1d80 -> 
  custom:scripting/precompiled-assembly-types:Unity.Subsystem.Registration: d277a39dc91ba107b2f9f0e00249ae0e -> 
  custom:scripting/monoscript/fileName/InputSystem.cs: 2d04686e597c23245a49375e1fb3215d -> 
  custom:scripting/monoscript/fileName/OnInputSystemEvent.cs: e171c6b3cddc0b66f4aceeb7d12168cd -> 
  custom:scripting/monoscript/fileName/PlayerInputEditor.cs: d2b3afdcbb77e18a055744ba3890b2dc -> 
  custom:scripting/monoscript/fileName/FastMouse.cs: c1eb115b9947f2d7660b6624e6d2a006 -> 
  custom:scripting/precompiled-assembly-types:Unity.InputSystem: 4630a0de1535dacf17fab1be90a43557 -> 
  custom:scripting/monoscript/fileName/MultiplayerEventSystem.cs: 05b50b616573877ef9101c0539ee4f31 -> 
  custom:scripting/monoscript/fileName/InputBindingCompositeContext.cs: d2a9f79b307a55dd2196a058ec520c90 -> 
  custom:scripting/monoscript/fileName/CSharpCodeHelpers.cs: d0cc2f7c294cb0d1437e3101c51f7d3e -> 
  custom:scripting/monoscript/fileName/SelectObservable.cs: 0cdf409b5aa8d4c25876d72b5c6a3b60 -> 
  custom:scripting/precompiled-assembly-types:Unity.2D.Animation.Editor: 74fa7dfffd5b4b9325009aca31459872 -> 
  custom:scripting/monoscript/fileName/ICustomDeviceReset.cs: 3b447b167c25000b29105ece94677719 -> 
  custom:scripting/monoscript/fileName/NumberHelpers.cs: 322df6125e7a7f4f0d1f63844c1365d8 -> 
  custom:scripting/monoscript/fileName/AndroidSensors.cs: 86b1397c0edde5f4948c6f927e39ac2a -> 
  custom:scripting/monoscript/fileName/XInputController.cs: 3c93688e4b8cb689f66843b8c8f16884 -> 
  custom:scripting/monoscript/fileName/InputEventPtr.cs: a12d6ebfcf9beb317d1aba534bdcb661 -> 
  custom:scripting/monoscript/fileName/DeltaStateEvent.cs: af7845327b744d1496e77475c17d3b0d -> 
  custom:scripting/monoscript/fileName/InputControlExtensions.cs: ae0219bac3a6c7734d164606a5ed0820 -> 
  custom:scripting/monoscript/fileName/ExtendedPointerEventData.cs: f800ca056555c185c05f28019e4b9518 -> 
  custom:scripting/monoscript/fileName/OneOrMore.cs: 0cdf409b5aa8d4c25876d72b5c6a3b60 -> 
  custom:scripting/monoscript/fileName/EditorHelpers.cs: eda3dee24631ee2d7037d1e0dd169286 -> 
  custom:scripting/monoscript/fileName/AxisControl.cs: 68b436317dff8e5185c81d8673960fc4 -> 
  custom:scripting/monoscript/fileName/SavedState.cs: 56a12a9cddf9ae7c17f0f2e9ce84e15c -> 
  custom:scripting/monoscript/fileName/PSDImporter.cs: 426789f17a6318790dfce4403b2d57e3 -> 
  custom:scripting/monoscript/fileName/iOSStepCounter.cs: 2c61d0bc46d04bce2f6762804671c954 -> 
  custom:scripting/precompiled-assembly-types:Unity.Collections: 3ed35f6c42a4ff122eae303a72eec4b3 -> 
  custom:video-encoder-webm-vp8: eb34c28f22e8b96e1ab97ce403110664 -> 
  custom:scripting/monoscript/fileName/SerializedInputActionMap.cs: e95d2d4c78a3c4d8a469e16dec186e8f -> 
  custom:scripting/monoscript/fileName/InputControlLayoutAttribute.cs: 8a00dd4a575a7b549eada1a6489a8652 -> 
  custom:scripting/monoscript/fileName/IInputStateTypeInfo.cs: cea8b54e443ea633a8182d334b401856 -> 
  custom:scripting/monoscript/fileName/TextEvent.cs: 76acc414d4175dd733571757e9b97806 -> 
  custom:scripting/monoscript/fileName/IInputUpdateCallbackReceiver.cs: ba48e6e35145b7f1ac3afdd775575522 -> 
  custom:scripting/precompiled-assembly-types:Unity.AdaptivePerformance.Simulator.Extension: 7cb4e94d652a85a2c350f7d0e4d6f3d0 -> 
  custom:scripting/monoscript/fileName/InputActionPropertiesView.cs: 87bb23a03865ebab6df4302eab03f8f8 -> 
  custom:scripting/precompiled-assembly-types:Unity.VSCode.Editor: ce0f8be6c84057ddac8877610b9e6a0a -> 
  custom:scripting/monoscript/fileName/QueryPairedUserAccountCommand.cs: 7c1bc8fc23b5eb9e494267177f02f139 -> 
  custom:scripting/precompiled-assembly-types:Unity.AdaptivePerformance: 196a4053981ad1333fe8cbdfe1c3440f -> 
  custom:scripting/monoscript/fileName/InputActionDrawer.cs: 9b483107b0ea7770f76a7cdd6ff316d0 -> 
  custom:scripting/monoscript/fileName/InputSystemWidget.cs: 8f101911900fd5c78c807da3e1c794a8 -> 
  custom:postprocessor/textureSprite: 704a9d4329f3af01b3a5c89999a88182 -> 1909f56bfc062723c751e8b465ee728b
  custom:scripting/monoscript/fileName/EditorPlayerSettingHelpers.cs: e9960188ed6c5b949b993e59ce59ce87 -> 
  custom:graphics/active-color-space: 03000000000000000000000000000000 -> 02000000000000000000000000000000
  custom:audio-decoder-ogg-vorbis: bf7c407c2cedff20999df2af8eb42d56 -> 
  custom:scripting/monoscript/fileName/CommonUsages.cs: 18408d7225731f5f7bf0e3a3ad47e27f -> 
  custom:scripting/monoscript/fileName/InputActionEditorWindow.cs: e72d7d7ff1055479629b55015dfaf76d -> 
  custom:scripting/monoscript/fileName/InputAnalytics.cs: 70269303ff292b656bbef56a407380bd -> 
  custom:scripting/monoscript/fileName/IKManager2D.cs: 3556a5b41605dae06bbc257d2027da25 -> 
  custom:scripting/precompiled-assembly-types:Unity.InternalAPIEditorBridge.001: dad22ed7f422c7d3caaefe51082d33fc -> 
  custom:scripting/monoscript/fileName/TypeTable.cs: a6a17e2e95c02f50895f3adeb936d7ed -> 
  custom:scripting/monoscript/fileName/LinkFileGenerator.cs: 2ed47bf5d52f4c1c29dec48f52ce1e5a -> 
  custom:scripting/monoscript/fileName/AdvancedDropdownGUI.cs: 207e6d663a15858e0a112d6acb1b7040 -> 
  custom:scripting/monoscript/fileName/MultiTapInteraction.cs: 84287a69790c19af273393c4356ab542 -> 
  custom:scripting/monoscript/fileName/InputControlAttribute.cs: b5a64d55a813f6d1227b56436c59c015 -> 
  custom:scripting/monoscript/fileName/AdvancedDropdownItem.cs: e6f1b87cfdf3b7e725137f6813d17509 -> 
  custom:scripting/monoscript/fileName/InputDeviceCommand.cs: d588e191d7cda05d4a0288a8ee1147ba -> 
  custom:scripting/monoscript/fileName/DualShockGamepadHID.cs: 3c5ed97f9b3e5e626f6f09a9f7393581 -> 
  custom:scripting/monoscript/fileName/DisplayStringFormatAttribute.cs: c3a032e117cd328db2f0cf4598514a4e -> 
  custom:scripting/precompiled-assembly-types:Unity.VisualScripting.Flow: 051f017e0284fd495693eebc4c757586 -> 
  custom:scripting/monoscript/fileName/IInputControlPickerLayout.cs: be294e73c659279f0b3a534655ea4322 -> 
  custom:scripting/monoscript/fileName/HIDParser.cs: 5e6b09e173e9593382d5e79e226d6494 -> 
  custom:scripting/monoscript/fileName/InputActionTreeView.cs: f3d84e564140a344e0a57a9232bf0ccb -> 
  custom:scripting/monoscript/fileName/WindowsMR.cs: 1bb4de47cfd939e21ec4f06c3d56a563 -> 
  custom:scripting/monoscript/fileName/NameAndParameterListView.cs: 95bddb736514603e46d742676b9fb05f -> 
  custom:scripting/monoscript/fileName/ReactiveProperty.cs: 90647cc400823b41df847a6cbfc29026 -> 
  custom:scripting/monoscript/fileName/SpriteUtilities.cs: 5c000e635950e4b0a960602df9fe8ffb -> 
  custom:scripting/monoscript/fileName/InputEventBuffer.cs: 33cbaee6508a09a49b071c485ac9102d -> 
  custom:scripting/precompiled-assembly-types:UnityEngine.UI: f762135bac905e34e2b540c872c48817 -> 
  custom:scripting/precompiled-assembly-types:Unity.Mathematics.Editor: 067e2f26d70b07279a04fc60a0f0bbd6 -> 
  custom:scripting/precompiled-assembly-types:Unity.2D.IK.Editor: e3d97772a4bdb39570c653c83bcebd60 -> 
  custom:scripting/monoscript/fileName/InputSystemObject.cs: 9663811dbe13b672cf3c5764a9482504 -> 
  custom:scripting/monoscript/fileName/StateEvent.cs: ecd22adce780bc400b70e46370003b20 -> 
  custom:scripting/monoscript/fileName/EditorInputControlLayoutCache.cs: aa10f55e68ca82913364b6b44aa7f461 -> 
  custom:scripting/monoscript/fileName/InputActionImporterEditor.cs: 0050b2eb2bc3d87733c8c96c41de610b -> 
  custom:scripting/monoscript/fileName/InputEventTrace.cs: 6b04dbd582208bc1f6bf78a5481b91e2 -> 
  custom:scripting/monoscript/fileName/ExpressionUtils.cs: 013fd47e1c2b83228144928557c1ba49 -> 
  custom:scripting/monoscript/fileName/DualMotorRumble.cs: a5c6abaf1032f7b942e62506711d90ba -> 
  custom:scripting/monoscript/fileName/WebGLJoystick.cs: a371b63b19b599ea436e51a8622ae305 -> 
  custom:scripting/monoscript/fileName/InputActionPropertyDrawer.cs: 19280eef7f6d2b681e448dc21fd2c314 -> 
  custom:scripting/monoscript/fileName/ButtonControl.cs: 5be55aef70c0999215c87b2ebada03bb -> 
  custom:scripting/monoscript/fileName/RemoteInputPlayerConnection.cs: 959b7c9f720d36172770da64f623d8a3 -> 
  custom:scripting/monoscript/fileName/InputTestFixture.cs: 11f95b08f956d0e0534e403aaea3e0cf -> 
  custom:scripting/monoscript/fileName/TimelineAsset.cs: 922c4504d3900c9d0f1009b93072bf15 -> 
  custom:scripting/monoscript/fileName/Joystick.cs: 1a1d9a9cba7940fed9939f7306abee3f -> 
  custom:scripting/monoscript/fileName/AdvancedDropdownState.cs: f58f4f7e4985491ab3d781ef1400a71e -> 
  custom:scripting/monoscript/fileName/EnableIMECompositionCommand.cs: 442c712f29199433589d44a5aa77b265 -> 
  custom:scripting/monoscript/fileName/IXboxOneRumble.cs: 1ff76612acedabce48adac10ccc4ff22 -> 
  custom:scripting/precompiled-assembly-types:Unity.TextMeshPro.Editor: 46ffe279a7239cd1fb74eb9c5ab5b5d8 -> 
  custom:scripting/monoscript/fileName/InputSettingsBuildProvider.cs: 5d0bda9b4dc3704476fdb73c6130f785 -> 
  custom:scripting/monoscript/fileName/Mouse.cs: 51f1aeae346f8ba35ce1eae4cd718ea3 -> 
  custom:scripting/monoscript/fileName/IMECompositionEvent.cs: 17f069477bc4d20ba49d87cb5179ba0d -> 
  custom:scripting/monoscript/fileName/NameAndParameters.cs: 2a9078e35e9bfc491ba2ffb3455b3236 -> 
  custom:scripting/precompiled-assembly-types:PsdPlugin: e45729d552f17846bff33f77f53e4e2d -> 
  custom:scripting/precompiled-assembly-types:Unity.VisualStudio.Editor: 8196c7ff3a716df6975b114b464f1975 -> 
  custom:scripting/monoscript/fileName/AdvancedDropdown.cs: fa69d35a411c6393fda2fd8d798192e5 -> 
  custom:scripting/monoscript/fileName/HexagonalRuleTile.cs: 06dd7fca2700fb4aaa03a7cd13f58833 -> 
  custom:scripting/monoscript/fileName/AdvancedDropdownWindow.cs: 235b2f05f0f17c166eb77c8d57102337 -> 
  custom:scripting/monoscript/fileName/DeltaControl.cs: 6b397435e9b765e741337a7982e0568f -> 
  custom:scripting/monoscript/fileName/InputSettingsiOS.cs: eec21a0f4c50ceb1dd70fcff7ed2d8ce -> 
  custom:audio-encoder-webm-vorbis: bf7c407c2cedff20999df2af8eb42d56 -> 
  custom:scripting/monoscript/fileName/PropertiesViewBase.cs: ab4a9abc2367374ef408b77c20b6af94 -> 
  custom:scripting/monoscript/fileName/GUIHelpers.cs: 60ae23a9fa510a6b46396be7f79ede40 -> 
  custom:scripting/monoscript/fileName/DiscreteButtonControl.cs: dfa90d972c30096c4f7b7c1be2abf41d -> 
  custom:scripting/precompiled-assembly-types:Assembly-CSharp-Editor: aca7125a3389c5f4127a11b74e5e93cb -> 
  custom:scripting/monoscript/fileName/QueryDimensionsCommand.cs: 9dede612b2efbec178dc9289429b384b -> 
  custom:scripting/monoscript/fileName/DoubleControl.cs: 0e8ba0ca87f759d63baeef89535dfd87 -> 
  custom:scripting/monoscript/fileName/QueryKeyboardLayoutCommand.cs: 202a87fda801e4aee6e91befbd89e701 -> 
  custom:scripting/precompiled-assembly-types:Unity.AdaptivePerformance.Editor: 10b958660da57978956ec7799e5ada73 -> 
  custom:scripting/monoscript/fileName/InputStateHistory.cs: 9771bbe5c5afd534a9dc0f8e8f60ae99 -> 
  custom:scripting/monoscript/fileName/TreeViewHelpers.cs: cf522364eff518ecfcf0cf468392474e -> 
  custom:scripting/monoscript/fileName/TrackAsset.cs: 05c366eb01e12385210cbb2c784bc95b -> 
  custom:scripting/monoscript/fileName/InputValue.cs: 5e873095f1f8f449ce71f7ae265ebfc7 -> 
  custom:scripting/monoscript/fileName/InputActionParameters.cs: 8ec6cd02063bce29fc5f16aa6f97020d -> 
  custom:scripting/monoscript/fileName/InputActionEditorToolbar.cs: 862861ded96be9597dde3c6213c9500e -> 
  custom:scripting/monoscript/fileName/InputSystemUIInputModule.cs: 7c711937d8f4dbfd5b13401c6051fc58 -> 
  custom:scripting/monoscript/fileName/IInputDiagnostics.cs: ea6330d075ac249db017e93904b1906b -> 
  custom:scripting/monoscript/fileName/ArrayHelpers.cs: 7478d3b887e0c3afe312a1585d7ab77d -> 
  custom:scripting/monoscript/fileName/InputControlPath.cs: bc2fac94a36cbab9b49a74e253baa4f5 -> 
  custom:scripting/monoscript/fileName/DynamicBitfield.cs: 340e19ce1cb6f81a8185cbb2bbc79160 -> 
  custom:scripting/monoscript/fileName/CompensateDirectionProcessor.cs: 8b43e411f5b52e59e2993a5277f0d2e2 -> 
  custom:scripting/precompiled-assembly-types:UnityEditor.TestRunner: 1b08a5e3d69264f3b8177a3e839577fe -> 
  custom:scripting/monoscript/fileName/DeviceRemoveEvent.cs: 33979af4133f057c53fed833232d5335 -> 
  custom:scripting/precompiled-assembly-types:Unity.TextMeshPro: 59230975e8163396a463bd906828ec67 -> 
  custom:scripting/monoscript/fileName/FastKeyboard.cs: 517b983862044be24636f4f20b4c6b8c -> 
  custom:scripting/monoscript/fileName/OSXSupport.cs: 63316ac61e481390e31b5b83b851ef9a -> 
  custom:scripting/monoscript/fileName/TimelineWindow.cs: 1ecae22b1c6d42e0f96084d9a8d5699a -> 
  custom:scripting/monoscript/fileName/SendHapticImpulseCommand.cs: f861e3878e1b38fdc5e7357d87264e9e -> 
  custom:scripting/precompiled-assembly-types:Assembly-CSharp: ca448279735900aca489d7c5b6a7ed98 -> 
  custom:scripting/monoscript/fileName/CompensateRotationProcessor.cs: d5a3722c29051a4adb0efee7e4989a0c -> 
  custom:scripting/monoscript/fileName/InputAction_DirectConverter.cs: 10397d04d305c6e7d90b09edbb081ce9 -> 
  custom:scripting/monoscript/fileName/DeviceResetEvent.cs: 7e1e07844ad3da9d24238e0ee1f42c17 -> 
  custom:scripting/precompiled-assembly-types:Unity.Rider.Editor: 5769424f89eeee7d96f0de4802f34024 -> 
  custom:scripting/monoscript/fileName/IInputStateCallbackReceiver.cs: 186de0ed698901e9bd4fe43876d2eb6b -> 
  custom:scripting/monoscript/fileName/InputBindingResolver.cs: 5c7308cba04403c2ec02473a20595c74 -> 
  custom:scripting/monoscript/fileName/PlayerInputManagerEditor.cs: 373859aaf721662fa2d3a5008109e828 -> 
  custom:scripting/monoscript/fileName/WebGLGamepad.cs: 38d4094cfcfa00e7b8f84db2e77d746c -> 
  custom:scripting/monoscript/fileName/InputManagerStateMonitors.cs: dea24e3da8b083e8a28641430520c9c0 -> 
  custom:scripting/monoscript/fileName/InputBindingPropertiesView.cs: c3a43f9e3c4cf814c7eae92d616bfbaf -> 
  custom:scripting/monoscript/fileName/InputState.cs: aac8577aed515a34370fbda6b0c1e20e -> 
  custom:scripting/precompiled-assembly-types:Unity.VisualScripting.Flow.Editor: a9205de5ba5a9c2138f1b5ba0ad4ec3e -> 
